<?xml version="1.0" encoding="UTF-8"?>
<Site BuildName="Win32-MSBuild"
	BuildStamp="20241126-0048-Experimental"
	Name="WINDOWS-RUTCLRP"
	Generator="ctest-3.30.3"
	CompilerName="C:/Program Files/Microsoft Visual Studio/2022/Community/VC/Tools/MSVC/14.41.34120/bin/Hostx64/x64/cl.exe"
	CompilerVersion="19.41.34120.0"
	OSName="Windows"
	Hostname="WINDOWS-RUTCLRP"
	OSRelease=" Professional"
	OSVersion=" (Build 19045)"
	OSPlatform="AMD64"
	Is64Bits="1"
	VendorString="GenuineIntel"
	VendorID="Intel Corporation"
	FamilyID="6"
	ModelID="14"
	ProcessorCacheSize="-1"
	NumberOfLogicalCPU="12"
	NumberOfPhysicalCPU="6"
	TotalVirtualMemory="37350"
	TotalPhysicalMemory="32486"
	LogicalProcessorsPerPhysical="2"
	ProcessorClockFrequency="2592"
	>
	<Testing>
		<StartDateTime>Nov 26 10:53 China Standard Time</StartDateTime>
		<StartTestTime>1732589583</StartTestTime>
		<TestList/>
		<EndDateTime>Nov 26 10:53 China Standard Time</EndDateTime>
		<EndTestTime>1732589583</EndTestTime>
		<ElapsedMinutes>0</ElapsedMinutes>
	</Testing>
</Site>
